<?xml version="1.0" encoding="utf-8"?>
<coverage line-rate="0.4267" branch-rate="0.3333" version="1.9" timestamp="1645815515" lines-covered="67" lines-valid="157" branches-covered="16" branches-valid="48">
  <sources />
  <packages>
    <package name="sockaddr.Net" line-rate="0.4267" branch-rate="0.3333" complexity="114">
      <classes>
        <class name="StirlingLabs.CleanUpAction" filename="/_/sockaddr.Net/CleanUpAction.cs" line-rate="0" branch-rate="1" complexity="2">
          <methods>
            <method name="Finalize" signature="()" line-rate="0" branch-rate="1" complexity="1">
              <lines>
                <line number="13" hits="0" branch="False" />
              </lines>
            </method>
            <method name=".ctor" signature="(System.Action)" line-rate="0" branch-rate="1" complexity="1">
              <lines>
                <line number="9" hits="0" branch="False" />
                <line number="10" hits="0" branch="False" />
              </lines>
            </method>
          </methods>
          <lines>
            <line number="13" hits="0" branch="False" />
            <line number="9" hits="0" branch="False" />
            <line number="10" hits="0" branch="False" />
          </lines>
        </class>
        <class name="StirlingLabs.sockaddr" filename="/_/sockaddr.Net/sockaddr.cs" line-rate="0.6153" branch-rate="0.5" complexity="31">
          <methods>
            <method name="sa_address_bytes" signature="(StirlingLabs.sockaddr*,System.UIntPtr&amp;)" line-rate="1" branch-rate="1" complexity="1">
              <lines>
                <line number="128" hits="34" branch="False" />
                <line number="129" hits="34" branch="False" />
                <line number="130" hits="34" branch="False" />
              </lines>
            </method>
            <method name="CreateIPv4" signature="(StirlingLabs.Utilities.Utf8String,System.UInt16)" line-rate="1" branch-rate="0.5" complexity="2">
              <lines>
                <line number="163" hits="12" branch="False" />
                <line number="164" hits="12" branch="True" condition-coverage="50% (1/2)">
                  <conditions>
                    <condition number="15" type="jump" coverage="50%" />
                  </conditions>
                </line>
                <line number="165" hits="12" branch="False" />
              </lines>
            </method>
            <method name="CreateIPv6" signature="(StirlingLabs.Utilities.Utf8String,System.UInt16)" line-rate="1" branch-rate="0.5" complexity="2">
              <lines>
                <line number="170" hits="27" branch="False" />
                <line number="171" hits="27" branch="True" condition-coverage="50% (1/2)">
                  <conditions>
                    <condition number="15" type="jump" coverage="50%" />
                  </conditions>
                </line>
                <line number="172" hits="27" branch="False" />
              </lines>
            </method>
            <method name="CreateIPv6" signature="(StirlingLabs.Utilities.Utf8String,System.UInt16,System.UInt16)" line-rate="1" branch-rate="1" complexity="2">
              <lines>
                <line number="177" hits="27" branch="False" />
                <line number="178" hits="45" branch="True" condition-coverage="100% (2/2)">
                  <conditions>
                    <condition number="9" type="jump" coverage="100%" />
                  </conditions>
                </line>
                <line number="179" hits="27" branch="False" />
              </lines>
            </method>
            <method name="CreateIPv6" signature="(StirlingLabs.Utilities.Utf8String,System.UInt16,StirlingLabs.Utilities.Utf8String)" line-rate="0" branch-rate="0" complexity="2">
              <lines>
                <line number="184" hits="0" branch="False" />
                <line number="185" hits="0" branch="True" condition-coverage="0% (0/2)">
                  <conditions>
                    <condition number="23" type="jump" coverage="0%" />
                  </conditions>
                </line>
                <line number="186" hits="0" branch="False" />
              </lines>
            </method>
            <method name="Equals" signature="(System.Object)" line-rate="0" branch-rate="1" complexity="1">
              <lines>
                <line number="191" hits="0" branch="False" />
              </lines>
            </method>
            <method name="op_Equality" signature="(StirlingLabs.sockaddr&amp;,StirlingLabs.sockaddr&amp;)" line-rate="1" branch-rate="1" complexity="1">
              <lines>
                <line number="195" hits="117" branch="False" />
              </lines>
            </method>
            <method name="op_Inequality" signature="(StirlingLabs.sockaddr&amp;,StirlingLabs.sockaddr&amp;)" line-rate="1" branch-rate="1" complexity="1">
              <lines>
                <line number="199" hits="39" branch="False" />
              </lines>
            </method>
            <method name="Equals" signature="(StirlingLabs.sockaddr&amp;)" line-rate="1" branch-rate="1" complexity="1">
              <lines>
                <line number="203" hits="39" branch="False" />
              </lines>
            </method>
            <method name="op_Equality" signature="(StirlingLabs.sockaddr&amp;,StirlingLabs.sockaddr*)" line-rate="1" branch-rate="1" complexity="1">
              <lines>
                <line number="207" hits="104" branch="False" />
              </lines>
            </method>
            <method name="op_Inequality" signature="(StirlingLabs.sockaddr&amp;,StirlingLabs.sockaddr*)" line-rate="1" branch-rate="1" complexity="1">
              <lines>
                <line number="211" hits="26" branch="False" />
              </lines>
            </method>
            <method name="Equals" signature="(StirlingLabs.sockaddr*)" line-rate="1" branch-rate="1" complexity="1">
              <lines>
                <line number="215" hits="52" branch="False" />
              </lines>
            </method>
            <method name="GetNameOfScope" signature="(System.UInt16)" line-rate="1" branch-rate="1" complexity="1">
              <lines>
                <line number="219" hits="12" branch="False" />
              </lines>
            </method>
            <method name="GetIndexOfScope" signature="(StirlingLabs.Utilities.Utf8String)" line-rate="0" branch-rate="1" complexity="1">
              <lines>
                <line number="223" hits="0" branch="False" />
              </lines>
            </method>
            <method name="ToString" signature="()" line-rate="1" branch-rate="1" complexity="1">
              <lines>
                <line number="227" hits="26" branch="False" />
              </lines>
            </method>
            <method name="GetHashCode" signature="()" line-rate="0" branch-rate="1" complexity="1">
              <lines>
                <line number="231" hits="0" branch="False" />
              </lines>
            </method>
            <method name="get_IsUnspec" signature="()" line-rate="1" branch-rate="1" complexity="1">
              <lines>
                <line number="236" hits="26" branch="False" />
              </lines>
            </method>
            <method name="get_IsIPv4" signature="()" line-rate="1" branch-rate="1" complexity="1">
              <lines>
                <line number="242" hits="26" branch="False" />
              </lines>
            </method>
            <method name="get_IsIPv6" signature="()" line-rate="1" branch-rate="1" complexity="1">
              <lines>
                <line number="248" hits="26" branch="False" />
              </lines>
            </method>
            <method name="get_AddressBytes" signature="()" line-rate="1" branch-rate="1" complexity="1">
              <lines>
                <line number="254" hits="17" branch="False" />
              </lines>
            </method>
            <method name="get_Port" signature="()" line-rate="0" branch-rate="1" complexity="1">
              <lines>
                <line number="260" hits="0" branch="False" />
              </lines>
            </method>
            <method name="set_Port" signature="(System.UInt16)" line-rate="0" branch-rate="1" complexity="1">
              <lines>
                <line number="262" hits="0" branch="False" />
              </lines>
            </method>
            <method name="get_ScopeName" signature="()" line-rate="0" branch-rate="1" complexity="1">
              <lines>
                <line number="268" hits="0" branch="False" />
              </lines>
            </method>
            <method name="set_ScopeName" signature="(StirlingLabs.Utilities.Utf8String)" line-rate="0" branch-rate="1" complexity="1">
              <lines>
                <line number="270" hits="0" branch="False" />
              </lines>
            </method>
            <method name="get_ScopeIndex" signature="()" line-rate="0" branch-rate="1" complexity="1">
              <lines>
                <line number="276" hits="0" branch="False" />
              </lines>
            </method>
            <method name="set_ScopeIndex" signature="(System.UInt16)" line-rate="0" branch-rate="1" complexity="1">
              <lines>
                <line number="278" hits="0" branch="False" />
              </lines>
            </method>
            <method name=".cctor" signature="()" line-rate="0" branch-rate="1" complexity="1">
              <lines>
                <line number="157" hits="0" branch="False" />
                <line number="158" hits="0" branch="False" />
                <line number="159" hits="0" branch="False" />
              </lines>
            </method>
          </methods>
          <lines>
            <line number="128" hits="34" branch="False" />
            <line number="129" hits="34" branch="False" />
            <line number="130" hits="34" branch="False" />
            <line number="163" hits="12" branch="False" />
            <line number="164" hits="12" branch="True" condition-coverage="50% (1/2)">
              <conditions>
                <condition number="15" type="jump" coverage="50%" />
              </conditions>
            </line>
            <line number="165" hits="12" branch="False" />
            <line number="170" hits="27" branch="False" />
            <line number="171" hits="27" branch="True" condition-coverage="50% (1/2)">
              <conditions>
                <condition number="15" type="jump" coverage="50%" />
              </conditions>
            </line>
            <line number="172" hits="27" branch="False" />
            <line number="177" hits="27" branch="False" />
            <line number="178" hits="45" branch="True" condition-coverage="100% (2/2)">
              <conditions>
                <condition number="9" type="jump" coverage="100%" />
              </conditions>
            </line>
            <line number="179" hits="27" branch="False" />
            <line number="184" hits="0" branch="False" />
            <line number="185" hits="0" branch="True" condition-coverage="0% (0/2)">
              <conditions>
                <condition number="23" type="jump" coverage="0%" />
              </conditions>
            </line>
            <line number="186" hits="0" branch="False" />
            <line number="191" hits="0" branch="False" />
            <line number="195" hits="117" branch="False" />
            <line number="199" hits="39" branch="False" />
            <line number="203" hits="39" branch="False" />
            <line number="207" hits="104" branch="False" />
            <line number="211" hits="26" branch="False" />
            <line number="215" hits="52" branch="False" />
            <line number="219" hits="12" branch="False" />
            <line number="223" hits="0" branch="False" />
            <line number="227" hits="26" branch="False" />
            <line number="231" hits="0" branch="False" />
            <line number="236" hits="26" branch="False" />
            <line number="242" hits="26" branch="False" />
            <line number="248" hits="26" branch="False" />
            <line number="254" hits="17" branch="False" />
            <line number="260" hits="0" branch="False" />
            <line number="262" hits="0" branch="False" />
            <line number="268" hits="0" branch="False" />
            <line number="270" hits="0" branch="False" />
            <line number="276" hits="0" branch="False" />
            <line number="278" hits="0" branch="False" />
            <line number="157" hits="0" branch="False" />
            <line number="158" hits="0" branch="False" />
            <line number="159" hits="0" branch="False" />
          </lines>
        </class>
        <class name="StirlingLabs.SockaddrAddressBytes" filename="/_/sockaddr.Net/SockaddrAddressBytes.cs" line-rate="0" branch-rate="0" complexity="29">
          <methods>
            <method name="get_Item" signature="(System.Int32)" line-rate="0" branch-rate="0" complexity="2">
              <lines>
                <line number="23" hits="0" branch="False" />
                <line number="24" hits="0" branch="True" condition-coverage="0% (0/2)">
                  <conditions>
                    <condition number="9" type="jump" coverage="0%" />
                  </conditions>
                </line>
                <line number="25" hits="0" branch="False" />
              </lines>
            </method>
            <method name="set_Item" signature="(System.Int32,System.Byte)" line-rate="0" branch-rate="0" complexity="2">
              <lines>
                <line number="29" hits="0" branch="True" condition-coverage="0% (0/2)">
                  <conditions>
                    <condition number="8" type="jump" coverage="0%" />
                  </conditions>
                </line>
                <line number="30" hits="0" branch="False" />
                <line number="31" hits="0" branch="False" />
              </lines>
            </method>
            <method name="GetByte" signature="(System.Int32)" line-rate="0" branch-rate="1" complexity="1">
              <lines>
                <line number="36" hits="0" branch="False" />
              </lines>
            </method>
            <method name="TrySetByte" signature="(System.Int32,System.Byte)" line-rate="0" branch-rate="1" complexity="1">
              <lines>
                <line number="40" hits="0" branch="False" />
              </lines>
            </method>
            <method name="get_Length" signature="()" line-rate="0" branch-rate="0" complexity="4">
              <lines>
                <line number="45" hits="0" branch="False" />
                <line number="46" hits="0" branch="True" condition-coverage="0% (0/4)">
                  <conditions>
                    <condition number="18" type="jump" coverage="0%" />
                    <condition number="26" type="jump" coverage="0%" />
                  </conditions>
                </line>
              </lines>
            </method>
            <method name="GetEnumerator" signature="()" line-rate="0" branch-rate="1" complexity="1">
              <lines>
                <line number="51" hits="0" branch="False" />
              </lines>
            </method>
            <method name="System.Collections.IEnumerable.GetEnumerator" signature="()" line-rate="0" branch-rate="1" complexity="1">
              <lines>
                <line number="54" hits="0" branch="False" />
              </lines>
            </method>
            <method name="Equals" signature="(System.Object)" line-rate="0" branch-rate="1" complexity="1">
              <lines>
                <line number="59" hits="0" branch="False" />
              </lines>
            </method>
            <method name="op_Equality" signature="(StirlingLabs.SockaddrAddressBytes&amp;,StirlingLabs.SockaddrAddressBytes&amp;)" line-rate="0" branch-rate="0" complexity="2">
              <lines>
                <line number="63" hits="0" branch="True" condition-coverage="0% (0/2)">
                  <conditions>
                    <condition number="17" type="jump" coverage="0%" />
                  </conditions>
                </line>
                <line number="64" hits="0" branch="False" />
              </lines>
            </method>
            <method name="op_Inequality" signature="(StirlingLabs.SockaddrAddressBytes&amp;,StirlingLabs.SockaddrAddressBytes&amp;)" line-rate="0" branch-rate="1" complexity="1">
              <lines>
                <line number="68" hits="0" branch="False" />
              </lines>
            </method>
            <method name="Equals" signature="(StirlingLabs.SockaddrAddressBytes&amp;)" line-rate="0" branch-rate="1" complexity="1">
              <lines>
                <line number="72" hits="0" branch="False" />
              </lines>
            </method>
            <method name="op_Equality" signature="(StirlingLabs.SockaddrAddressBytes&amp;,StirlingLabs.SockaddrAddressBytes*)" line-rate="0" branch-rate="1" complexity="1">
              <lines>
                <line number="76" hits="0" branch="False" />
              </lines>
            </method>
            <method name="op_Inequality" signature="(StirlingLabs.SockaddrAddressBytes&amp;,StirlingLabs.SockaddrAddressBytes*)" line-rate="0" branch-rate="1" complexity="1">
              <lines>
                <line number="80" hits="0" branch="False" />
              </lines>
            </method>
            <method name="Equals" signature="(StirlingLabs.SockaddrAddressBytes*)" line-rate="0" branch-rate="1" complexity="1">
              <lines>
                <line number="84" hits="0" branch="False" />
              </lines>
            </method>
            <method name="op_Implicit" signature="(StirlingLabs.SockaddrAddressBytes&amp;)" line-rate="0" branch-rate="1" complexity="1">
              <lines>
                <line number="87" hits="0" branch="False" />
              </lines>
            </method>
            <method name="op_Implicit" signature="(StirlingLabs.SockaddrAddressBytes&amp;)" line-rate="0" branch-rate="1" complexity="1">
              <lines>
                <line number="90" hits="0" branch="False" />
              </lines>
            </method>
            <method name="CompareTo" signature="(StirlingLabs.SockaddrAddressBytes)" line-rate="0" branch-rate="1" complexity="1">
              <lines>
                <line number="93" hits="0" branch="False" />
              </lines>
            </method>
            <method name="op_LessThan" signature="(StirlingLabs.SockaddrAddressBytes,StirlingLabs.SockaddrAddressBytes)" line-rate="0" branch-rate="1" complexity="1">
              <lines>
                <line number="96" hits="0" branch="False" />
              </lines>
            </method>
            <method name="op_GreaterThan" signature="(StirlingLabs.SockaddrAddressBytes,StirlingLabs.SockaddrAddressBytes)" line-rate="0" branch-rate="1" complexity="1">
              <lines>
                <line number="99" hits="0" branch="False" />
              </lines>
            </method>
            <method name="op_LessThanOrEqual" signature="(StirlingLabs.SockaddrAddressBytes,StirlingLabs.SockaddrAddressBytes)" line-rate="0" branch-rate="1" complexity="1">
              <lines>
                <line number="102" hits="0" branch="False" />
              </lines>
            </method>
            <method name="op_GreaterThanOrEqual" signature="(StirlingLabs.SockaddrAddressBytes,StirlingLabs.SockaddrAddressBytes)" line-rate="0" branch-rate="1" complexity="1">
              <lines>
                <line number="105" hits="0" branch="False" />
              </lines>
            </method>
            <method name="ToSpan" signature="()" line-rate="0" branch-rate="1" complexity="1">
              <lines>
                <line number="107" hits="0" branch="False" />
              </lines>
            </method>
            <method name="ToReadOnlySpan" signature="()" line-rate="0" branch-rate="1" complexity="1">
              <lines>
                <line number="109" hits="0" branch="False" />
              </lines>
            </method>
          </methods>
          <lines>
            <line number="23" hits="0" branch="False" />
            <line number="24" hits="0" branch="True" condition-coverage="0% (0/2)">
              <conditions>
                <condition number="9" type="jump" coverage="0%" />
              </conditions>
            </line>
            <line number="25" hits="0" branch="False" />
            <line number="29" hits="0" branch="True" condition-coverage="0% (0/2)">
              <conditions>
                <condition number="8" type="jump" coverage="0%" />
              </conditions>
            </line>
            <line number="30" hits="0" branch="False" />
            <line number="31" hits="0" branch="False" />
            <line number="36" hits="0" branch="False" />
            <line number="40" hits="0" branch="False" />
            <line number="45" hits="0" branch="False" />
            <line number="46" hits="0" branch="True" condition-coverage="0% (0/4)">
              <conditions>
                <condition number="18" type="jump" coverage="0%" />
                <condition number="26" type="jump" coverage="0%" />
              </conditions>
            </line>
            <line number="51" hits="0" branch="False" />
            <line number="54" hits="0" branch="False" />
            <line number="59" hits="0" branch="False" />
            <line number="63" hits="0" branch="True" condition-coverage="0% (0/2)">
              <conditions>
                <condition number="17" type="jump" coverage="0%" />
              </conditions>
            </line>
            <line number="64" hits="0" branch="False" />
            <line number="68" hits="0" branch="False" />
            <line number="72" hits="0" branch="False" />
            <line number="76" hits="0" branch="False" />
            <line number="80" hits="0" branch="False" />
            <line number="84" hits="0" branch="False" />
            <line number="87" hits="0" branch="False" />
            <line number="90" hits="0" branch="False" />
            <line number="93" hits="0" branch="False" />
            <line number="96" hits="0" branch="False" />
            <line number="99" hits="0" branch="False" />
            <line number="102" hits="0" branch="False" />
            <line number="105" hits="0" branch="False" />
            <line number="107" hits="0" branch="False" />
            <line number="109" hits="0" branch="False" />
          </lines>
        </class>
        <class name="StirlingLabs.SockaddrAddressBytesEnumerator" filename="/_/sockaddr.Net/SockaddrAddressBytesEnumerator.cs" line-rate="0" branch-rate="0" complexity="10">
          <methods>
            <method name="GetEnumerator" signature="()" line-rate="0" branch-rate="1" complexity="1">
              <lines>
                <line number="24" hits="0" branch="False" />
              </lines>
            </method>
            <method name="System.Collections.IEnumerable.GetEnumerator" signature="()" line-rate="0" branch-rate="1" complexity="1">
              <lines>
                <line number="27" hits="0" branch="False" />
              </lines>
            </method>
            <method name="MoveNext" signature="()" line-rate="0" branch-rate="0" complexity="2">
              <lines>
                <line number="31" hits="0" branch="True" condition-coverage="0% (0/2)">
                  <conditions>
                    <condition number="14" type="jump" coverage="0%" />
                  </conditions>
                </line>
                <line number="32" hits="0" branch="False" />
                <line number="33" hits="0" branch="False" />
                <line number="34" hits="0" branch="False" />
              </lines>
            </method>
            <method name="Reset" signature="()" line-rate="0" branch-rate="1" complexity="1">
              <lines>
                <line number="38" hits="0" branch="False" />
              </lines>
            </method>
            <method name="get_Current" signature="()" line-rate="0" branch-rate="1" complexity="1">
              <lines>
                <line number="40" hits="0" branch="False" />
              </lines>
            </method>
            <method name="System.Collections.IEnumerator.get_Current" signature="()" line-rate="0" branch-rate="1" complexity="1">
              <lines>
                <line number="42" hits="0" branch="False" />
              </lines>
            </method>
            <method name="Dispose" signature="()" line-rate="0" branch-rate="1" complexity="1">
              <lines>
                <line number="44" hits="0" branch="False" />
              </lines>
            </method>
            <method name=".ctor" signature="(StirlingLabs.SockaddrAddressBytes*)" line-rate="0" branch-rate="1" complexity="1">
              <lines>
                <line number="13" hits="0" branch="False" />
                <line number="15" hits="0" branch="False" />
                <line number="16" hits="0" branch="False" />
                <line number="17" hits="0" branch="False" />
                <line number="18" hits="0" branch="False" />
              </lines>
            </method>
            <method name=".ctor" signature="(StirlingLabs.sockaddr*)" line-rate="0" branch-rate="1" complexity="1">
              <lines>
                <line number="20" hits="0" branch="False" />
              </lines>
            </method>
          </methods>
          <lines>
            <line number="24" hits="0" branch="False" />
            <line number="27" hits="0" branch="False" />
            <line number="31" hits="0" branch="True" condition-coverage="0% (0/2)">
              <conditions>
                <condition number="14" type="jump" coverage="0%" />
              </conditions>
            </line>
            <line number="32" hits="0" branch="False" />
            <line number="33" hits="0" branch="False" />
            <line number="34" hits="0" branch="False" />
            <line number="38" hits="0" branch="False" />
            <line number="40" hits="0" branch="False" />
            <line number="42" hits="0" branch="False" />
            <line number="44" hits="0" branch="False" />
            <line number="13" hits="0" branch="False" />
            <line number="15" hits="0" branch="False" />
            <line number="16" hits="0" branch="False" />
            <line number="17" hits="0" branch="False" />
            <line number="18" hits="0" branch="False" />
            <line number="20" hits="0" branch="False" />
          </lines>
        </class>
        <class name="StirlingLabs.SockaddrExtensions" filename="/_/sockaddr.Net/SockaddrExtensions.cs" line-rate="0.6142" branch-rate="0.4285" complexity="42">
          <methods>
            <method name="Free" signature="(StirlingLabs.sockaddr&amp;)" line-rate="0" branch-rate="0" complexity="2">
              <lines>
                <line number="16" hits="0" branch="False" />
                <line number="17" hits="0" branch="True" condition-coverage="0% (0/2)">
                  <conditions>
                    <condition number="15" type="jump" coverage="0%" />
                  </conditions>
                </line>
                <line number="18" hits="0" branch="False" />
                <line number="19" hits="0" branch="False" />
                <line number="20" hits="0" branch="False" />
              </lines>
            </method>
            <method name="AsPointer" signature="(StirlingLabs.sockaddr&amp;)" line-rate="1" branch-rate="1" complexity="1">
              <lines>
                <line number="25" hits="430" branch="False" />
              </lines>
            </method>
            <method name="AsRef" signature="(StirlingLabs.sockaddr&amp;)" line-rate="1" branch-rate="1" complexity="1">
              <lines>
                <line number="28" hits="39" branch="False" />
              </lines>
            </method>
            <method name="IsUnspec" signature="(StirlingLabs.sockaddr&amp;)" line-rate="1" branch-rate="1" complexity="1">
              <lines>
                <line number="32" hits="52" branch="False" />
              </lines>
            </method>
            <method name="IsIPv4" signature="(StirlingLabs.sockaddr&amp;)" line-rate="1" branch-rate="1" complexity="1">
              <lines>
                <line number="36" hits="52" branch="False" />
              </lines>
            </method>
            <method name="IsIPv6" signature="(StirlingLabs.sockaddr&amp;)" line-rate="1" branch-rate="1" complexity="1">
              <lines>
                <line number="40" hits="78" branch="False" />
              </lines>
            </method>
            <method name="SetPort" signature="(StirlingLabs.sockaddr&amp;,System.UInt16)" line-rate="0" branch-rate="0" complexity="2">
              <lines>
                <line number="45" hits="0" branch="True" condition-coverage="0% (0/2)">
                  <conditions>
                    <condition number="12" type="jump" coverage="0%" />
                  </conditions>
                </line>
                <line number="46" hits="0" branch="False" />
                <line number="47" hits="0" branch="False" />
              </lines>
            </method>
            <method name="GetPort" signature="(StirlingLabs.sockaddr&amp;)" line-rate="1" branch-rate="1" complexity="1">
              <lines>
                <line number="52" hits="52" branch="False" />
                <line number="53" hits="52" branch="False" />
              </lines>
            </method>
            <method name="SetScope" signature="(StirlingLabs.sockaddr&amp;,System.UInt16)" line-rate="0.75" branch-rate="0.5" complexity="2">
              <lines>
                <line number="59" hits="18" branch="False" />
                <line number="60" hits="18" branch="True" condition-coverage="50% (1/2)">
                  <conditions>
                    <condition number="12" type="jump" coverage="50%" />
                  </conditions>
                </line>
                <line number="61" hits="0" branch="False" />
                <line number="62" hits="18" branch="False" />
              </lines>
            </method>
            <method name="GetScope" signature="(StirlingLabs.sockaddr&amp;)" line-rate="1" branch-rate="1" complexity="1">
              <lines>
                <line number="67" hits="15" branch="False" />
                <line number="68" hits="15" branch="False" />
                <line number="69" hits="15" branch="False" />
              </lines>
            </method>
            <method name="GetScopeNoThrow" signature="(StirlingLabs.sockaddr&amp;)" line-rate="1" branch-rate="1" complexity="1">
              <lines>
                <line number="74" hits="15" branch="False" />
              </lines>
            </method>
            <method name="TrySetScopeIndex" signature="(StirlingLabs.sockaddr&amp;,System.UInt16)" line-rate="1" branch-rate="1" complexity="1">
              <lines>
                <line number="78" hits="18" branch="False" />
              </lines>
            </method>
            <method name="GetAddressBytes" signature="(StirlingLabs.sockaddr&amp;)" line-rate="0" branch-rate="1" complexity="1">
              <lines>
                <line number="82" hits="0" branch="False" />
              </lines>
            </method>
            <method name="GetAddressByteSpan" signature="(StirlingLabs.sockaddr&amp;)" line-rate="1" branch-rate="1" complexity="1">
              <lines>
                <line number="86" hits="34" branch="False" />
              </lines>
            </method>
            <method name="SetScopeByName" signature="(StirlingLabs.sockaddr&amp;,StirlingLabs.Utilities.Utf8String)" line-rate="0" branch-rate="0" complexity="2">
              <lines>
                <line number="91" hits="0" branch="True" condition-coverage="0% (0/2)">
                  <conditions>
                    <condition number="17" type="jump" coverage="0%" />
                  </conditions>
                </line>
                <line number="92" hits="0" branch="False" />
                <line number="93" hits="0" branch="False" />
              </lines>
            </method>
            <method name="GetScopeName" signature="(StirlingLabs.sockaddr&amp;)" line-rate="1" branch-rate="1" complexity="1">
              <lines>
                <line number="97" hits="18" branch="False" />
              </lines>
            </method>
            <method name="GetHashCode" signature="(StirlingLabs.sockaddr&amp;)" line-rate="0" branch-rate="1" complexity="1">
              <lines>
                <line number="101" hits="0" branch="False" />
              </lines>
            </method>
            <method name="ToString" signature="(StirlingLabs.sockaddr&amp;)" line-rate="1" branch-rate="0.6666" complexity="12">
              <lines>
                <line number="132" hits="26" branch="False" />
                <line number="133" hits="26" branch="True" condition-coverage="50% (1/2)">
                  <conditions>
                    <condition number="10" type="jump" coverage="50%" />
                  </conditions>
                </line>
                <line number="135" hits="26" branch="False" />
                <line number="136" hits="26" branch="True" condition-coverage="50% (1/2)">
                  <conditions>
                    <condition number="36" type="jump" coverage="50%" />
                  </conditions>
                </line>
                <line number="138" hits="26" branch="False" />
                <line number="139" hits="26" branch="True" condition-coverage="50% (1/2)">
                  <conditions>
                    <condition number="55" type="jump" coverage="50%" />
                  </conditions>
                </line>
                <line number="141" hits="26" branch="True" condition-coverage="100% (2/2)">
                  <conditions>
                    <condition number="65" type="jump" coverage="100%" />
                  </conditions>
                </line>
                <line number="143" hits="18" branch="False" />
                <line number="144" hits="18" branch="True" condition-coverage="100% (2/2)">
                  <conditions>
                    <condition number="94" type="jump" coverage="100%" />
                  </conditions>
                </line>
                <line number="146" hits="6" branch="False" />
                <line number="147" hits="6" branch="False" />
                <line number="148" hits="6" branch="True" condition-coverage="50% (1/2)">
                  <conditions>
                    <condition number="116" type="jump" coverage="50%" />
                  </conditions>
                </line>
                <line number="149" hits="6" branch="False" />
                <line number="150" hits="6" branch="False" />
                <line number="153" hits="12" branch="False" />
                <line number="154" hits="12" branch="False" />
                <line number="157" hits="8" branch="False" />
                <line number="158" hits="8" branch="False" />
              </lines>
            </method>
            <method name="GetAddressString" signature="(StirlingLabs.sockaddr&amp;)" line-rate="1" branch-rate="0.5" complexity="2">
              <lines>
                <line number="163" hits="52" branch="False" />
                <line number="165" hits="52" branch="True" condition-coverage="50% (1/2)">
                  <conditions>
                    <condition number="10" type="jump" coverage="50%" />
                  </conditions>
                </line>
                <line number="166" hits="52" branch="False" />
                <line number="167" hits="52" branch="False" />
              </lines>
            </method>
            <method name="&lt;ToString&gt;g__AddCleanUp1|18_0" signature="(System.String,StirlingLabs.Utilities.Utf8String)" line-rate="0.4" branch-rate="0.5" complexity="2">
              <lines>
                <line number="110" hits="14" branch="True" condition-coverage="50% (1/2)">
                  <conditions>
                    <condition number="24" type="jump" coverage="50%" />
                  </conditions>
                </line>
                <line number="111" hits="0" branch="False" />
                <line number="112" hits="0" branch="False" />
                <line number="113" hits="0" branch="False" />
                <line number="114" hits="14" branch="False" />
              </lines>
            </method>
            <method name="&lt;ToString&gt;g__AddCleanUp2|18_1" signature="(System.String,StirlingLabs.Utilities.Utf8String,StirlingLabs.Utilities.Utf8String)" line-rate="0.1818" branch-rate="0.25" complexity="4">
              <lines>
                <line number="118" hits="12" branch="True" condition-coverage="50% (1/2)">
                  <conditions>
                    <condition number="31" type="jump" coverage="50%" />
                  </conditions>
                </line>
                <line number="119" hits="12" branch="False" />
                <line number="121" hits="0" branch="True" condition-coverage="0% (0/2)">
                  <conditions>
                    <condition number="45" type="jump" coverage="0%" />
                  </conditions>
                </line>
                <line number="122" hits="0" branch="False" />
                <line number="123" hits="0" branch="False" />
                <line number="124" hits="0" branch="False" />
                <line number="125" hits="0" branch="False" />
                <line number="127" hits="0" branch="False" />
                <line number="128" hits="0" branch="False" />
                <line number="129" hits="0" branch="False" />
                <line number="130" hits="0" branch="False" />
              </lines>
            </method>
            <method name=".cctor" signature="()" line-rate="0" branch-rate="1" complexity="1">
              <lines>
                <line number="103" hits="0" branch="False" />
              </lines>
            </method>
          </methods>
          <lines>
            <line number="16" hits="0" branch="False" />
            <line number="17" hits="0" branch="True" condition-coverage="0% (0/2)">
              <conditions>
                <condition number="15" type="jump" coverage="0%" />
              </conditions>
            </line>
            <line number="18" hits="0" branch="False" />
            <line number="19" hits="0" branch="False" />
            <line number="20" hits="0" branch="False" />
            <line number="25" hits="430" branch="False" />
            <line number="28" hits="39" branch="False" />
            <line number="32" hits="52" branch="False" />
            <line number="36" hits="52" branch="False" />
            <line number="40" hits="78" branch="False" />
            <line number="45" hits="0" branch="True" condition-coverage="0% (0/2)">
              <conditions>
                <condition number="12" type="jump" coverage="0%" />
              </conditions>
            </line>
            <line number="46" hits="0" branch="False" />
            <line number="47" hits="0" branch="False" />
            <line number="52" hits="52" branch="False" />
            <line number="53" hits="52" branch="False" />
            <line number="59" hits="18" branch="False" />
            <line number="60" hits="18" branch="True" condition-coverage="50% (1/2)">
              <conditions>
                <condition number="12" type="jump" coverage="50%" />
              </conditions>
            </line>
            <line number="61" hits="0" branch="False" />
            <line number="62" hits="18" branch="False" />
            <line number="67" hits="15" branch="False" />
            <line number="68" hits="15" branch="False" />
            <line number="69" hits="15" branch="False" />
            <line number="74" hits="15" branch="False" />
            <line number="78" hits="18" branch="False" />
            <line number="82" hits="0" branch="False" />
            <line number="86" hits="34" branch="False" />
            <line number="91" hits="0" branch="True" condition-coverage="0% (0/2)">
              <conditions>
                <condition number="17" type="jump" coverage="0%" />
              </conditions>
            </line>
            <line number="92" hits="0" branch="False" />
            <line number="93" hits="0" branch="False" />
            <line number="97" hits="18" branch="False" />
            <line number="101" hits="0" branch="False" />
            <line number="132" hits="26" branch="False" />
            <line number="133" hits="26" branch="True" condition-coverage="50% (1/2)">
              <conditions>
                <condition number="10" type="jump" coverage="50%" />
              </conditions>
            </line>
            <line number="135" hits="26" branch="False" />
            <line number="136" hits="26" branch="True" condition-coverage="50% (1/2)">
              <conditions>
                <condition number="36" type="jump" coverage="50%" />
              </conditions>
            </line>
            <line number="138" hits="26" branch="False" />
            <line number="139" hits="26" branch="True" condition-coverage="50% (1/2)">
              <conditions>
                <condition number="55" type="jump" coverage="50%" />
              </conditions>
            </line>
            <line number="141" hits="26" branch="True" condition-coverage="100% (2/2)">
              <conditions>
                <condition number="65" type="jump" coverage="100%" />
              </conditions>
            </line>
            <line number="143" hits="18" branch="False" />
            <line number="144" hits="18" branch="True" condition-coverage="100% (2/2)">
              <conditions>
                <condition number="94" type="jump" coverage="100%" />
              </conditions>
            </line>
            <line number="146" hits="6" branch="False" />
            <line number="147" hits="6" branch="False" />
            <line number="148" hits="6" branch="True" condition-coverage="50% (1/2)">
              <conditions>
                <condition number="116" type="jump" coverage="50%" />
              </conditions>
            </line>
            <line number="149" hits="6" branch="False" />
            <line number="150" hits="6" branch="False" />
            <line number="153" hits="12" branch="False" />
            <line number="154" hits="12" branch="False" />
            <line number="157" hits="8" branch="False" />
            <line number="158" hits="8" branch="False" />
            <line number="163" hits="52" branch="False" />
            <line number="165" hits="52" branch="True" condition-coverage="50% (1/2)">
              <conditions>
                <condition number="10" type="jump" coverage="50%" />
              </conditions>
            </line>
            <line number="166" hits="52" branch="False" />
            <line number="167" hits="52" branch="False" />
            <line number="110" hits="14" branch="True" condition-coverage="50% (1/2)">
              <conditions>
                <condition number="24" type="jump" coverage="50%" />
              </conditions>
            </line>
            <line number="111" hits="0" branch="False" />
            <line number="112" hits="0" branch="False" />
            <line number="113" hits="0" branch="False" />
            <line number="114" hits="14" branch="False" />
            <line number="118" hits="12" branch="True" condition-coverage="50% (1/2)">
              <conditions>
                <condition number="31" type="jump" coverage="50%" />
              </conditions>
            </line>
            <line number="119" hits="12" branch="False" />
            <line number="121" hits="0" branch="True" condition-coverage="0% (0/2)">
              <conditions>
                <condition number="45" type="jump" coverage="0%" />
              </conditions>
            </line>
            <line number="122" hits="0" branch="False" />
            <line number="123" hits="0" branch="False" />
            <line number="124" hits="0" branch="False" />
            <line number="125" hits="0" branch="False" />
            <line number="127" hits="0" branch="False" />
            <line number="128" hits="0" branch="False" />
            <line number="129" hits="0" branch="False" />
            <line number="130" hits="0" branch="False" />
            <line number="103" hits="0" branch="False" />
          </lines>
        </class>
      </classes>
    </package>
  </packages>
</coverage>