<?xml version="1.0" encoding="utf-8"?>
<coverage line-rate="0.4122" branch-rate="0.2878" version="1.9" timestamp="1664873239" lines-covered="108" lines-valid="262" branches-covered="38" branches-valid="132">
  <sources />
  <packages>
    <package name="StirlingLabs.sockaddr.Net" line-rate="0.4122" branch-rate="0.2878" complexity="205">
      <classes>
        <class name="StirlingLabs.CleanUpAction" filename="/_/sockaddr.Net/CleanUpAction.cs" line-rate="0.6666" branch-rate="1" complexity="2">
          <methods>
            <method name="Finalize" signature="()" line-rate="0" branch-rate="1" complexity="1">
              <lines>
                <line number="13" hits="0" branch="False" />
              </lines>
            </method>
            <method name=".ctor" signature="(System.Action)" line-rate="1" branch-rate="1" complexity="1">
              <lines>
                <line number="9" hits="12" branch="False" />
                <line number="10" hits="12" branch="False" />
              </lines>
            </method>
          </methods>
          <lines>
            <line number="13" hits="0" branch="False" />
            <line number="9" hits="12" branch="False" />
            <line number="10" hits="12" branch="False" />
          </lines>
        </class>
        <class name="StirlingLabs.sockaddr" filename="/_/sockaddr.Net/sockaddr.cs" line-rate="0.48710000000000003" branch-rate="0.34369999999999995" complexity="93">
          <methods>
            <method name="sa_address_bytes" signature="(StirlingLabs.sockaddr*,System.UIntPtr&amp;)" line-rate="1" branch-rate="1" complexity="1">
              <lines>
                <line number="148" hits="116" branch="False" />
                <line number="149" hits="116" branch="False" />
                <line number="150" hits="116" branch="False" />
              </lines>
            </method>
            <method name="Create" signature="(System.Net.IPAddress,System.UInt16)" line-rate="0.6666" branch-rate="0.5" complexity="16">
              <lines>
                <line number="183" hits="9" branch="True" condition-coverage="50% (1/2)">
                  <conditions>
                    <condition number="1" type="jump" coverage="50%" />
                  </conditions>
                </line>
                <line number="186" hits="9" branch="True" condition-coverage="50% (3/6)">
                  <conditions>
                    <condition number="22" type="jump" coverage="50%" />
                    <condition number="26" type="jump" coverage="50%" />
                    <condition number="31" type="jump" coverage="50%" />
                  </conditions>
                </line>
                <line number="189" hits="0" branch="False" />
                <line number="191" hits="0" branch="False" />
                <line number="192" hits="0" branch="False" />
                <line number="194" hits="9" branch="False" />
                <line number="195" hits="9" branch="False" />
                <line number="197" hits="0" branch="False" />
                <line number="198" hits="0" branch="False" />
                <line number="201" hits="9" branch="True" condition-coverage="50% (1/2)">
                  <conditions>
                    <condition number="67" type="jump" coverage="50%" />
                  </conditions>
                </line>
                <line number="206" hits="9" branch="True" condition-coverage="50% (1/2)">
                  <conditions>
                    <condition number="95" type="jump" coverage="50%" />
                  </conditions>
                </line>
                <line number="207" hits="0" branch="False" />
                <line number="210" hits="9" branch="False" />
                <line number="212" hits="9" branch="True" condition-coverage="50% (1/2)">
                  <conditions>
                    <condition number="123" type="jump" coverage="50%" />
                  </conditions>
                </line>
                <line number="213" hits="9" branch="False" />
                <line number="214" hits="9" branch="False" />
                <line number="216" hits="9" branch="True" condition-coverage="50% (1/2)">
                  <conditions>
                    <condition number="146" type="jump" coverage="50%" />
                  </conditions>
                </line>
                <line number="218" hits="9" branch="False" />
              </lines>
            </method>
            <method name="CreateUnspec" signature="(System.UInt16)" line-rate="1" branch-rate="0.5" complexity="2">
              <lines>
                <line number="224" hits="12" branch="False" />
                <line number="225" hits="12" branch="True" condition-coverage="50% (1/2)">
                  <conditions>
                    <condition number="9" type="jump" coverage="50%" />
                  </conditions>
                </line>
                <line number="226" hits="12" branch="False" />
              </lines>
            </method>
            <method name="CreateIPv4" signature="(StirlingLabs.Utilities.Utf8String,System.UInt16)" line-rate="0" branch-rate="0" complexity="2">
              <lines>
                <line number="231" hits="0" branch="False" />
                <line number="232" hits="0" branch="True" condition-coverage="0% (0/2)">
                  <conditions>
                    <condition number="15" type="jump" coverage="0%" />
                  </conditions>
                </line>
                <line number="233" hits="0" branch="False" />
              </lines>
            </method>
            <method name="CreateIPv4" signature="(System.String,System.UInt16)" line-rate="1" branch-rate="0.5" complexity="2">
              <lines>
                <line number="238" hits="8" branch="True" condition-coverage="50% (1/2)">
                  <conditions>
                    <condition number="1" type="jump" coverage="50%" />
                  </conditions>
                </line>
                <line number="239" hits="8" branch="False" />
              </lines>
            </method>
            <method name="Create" signature="(System.String)" line-rate="0" branch-rate="0" complexity="2">
              <lines>
                <line number="245" hits="0" branch="True" condition-coverage="0% (0/2)">
                  <conditions>
                    <condition number="1" type="jump" coverage="0%" />
                  </conditions>
                </line>
                <line number="246" hits="0" branch="False" />
                <line number="247" hits="0" branch="False" />
              </lines>
            </method>
            <method name="Create" signature="(System.String,System.UInt16)" line-rate="0" branch-rate="0" complexity="2">
              <lines>
                <line number="253" hits="0" branch="True" condition-coverage="0% (0/2)">
                  <conditions>
                    <condition number="1" type="jump" coverage="0%" />
                  </conditions>
                </line>
                <line number="254" hits="0" branch="False" />
              </lines>
            </method>
            <method name="Create" signature="(System.Net.IPEndPoint)" line-rate="0" branch-rate="0" complexity="2">
              <lines>
                <line number="259" hits="0" branch="True" condition-coverage="0% (0/2)">
                  <conditions>
                    <condition number="1" type="jump" coverage="0%" />
                  </conditions>
                </line>
                <line number="260" hits="0" branch="False" />
              </lines>
            </method>
            <method name="Create" signature="(System.Net.IPEndPoint,System.UInt16)" line-rate="1" branch-rate="0.5" complexity="2">
              <lines>
                <line number="265" hits="9" branch="True" condition-coverage="50% (1/2)">
                  <conditions>
                    <condition number="1" type="jump" coverage="50%" />
                  </conditions>
                </line>
                <line number="266" hits="9" branch="False" />
                <line number="267" hits="9" branch="False" />
                <line number="268" hits="9" branch="False" />
              </lines>
            </method>
            <method name="Create" signature="(System.Net.IPEndPoint,StirlingLabs.Utilities.Utf8String)" line-rate="0" branch-rate="0" complexity="2">
              <lines>
                <line number="273" hits="0" branch="True" condition-coverage="0% (0/2)">
                  <conditions>
                    <condition number="1" type="jump" coverage="0%" />
                  </conditions>
                </line>
                <line number="274" hits="0" branch="False" />
                <line number="275" hits="0" branch="False" />
                <line number="276" hits="0" branch="False" />
              </lines>
            </method>
            <method name="CreateIPv4" signature="(System.Net.IPAddress,System.UInt16)" line-rate="0.7272" branch-rate="0.5" complexity="8">
              <lines>
                <line number="281" hits="12" branch="True" condition-coverage="50% (1/2)">
                  <conditions>
                    <condition number="1" type="jump" coverage="50%" />
                  </conditions>
                </line>
                <line number="282" hits="0" branch="False" />
                <line number="283" hits="12" branch="True" condition-coverage="50% (1/2)">
                  <conditions>
                    <condition number="21" type="jump" coverage="50%" />
                  </conditions>
                </line>
                <line number="284" hits="0" branch="False" />
                <line number="286" hits="12" branch="False" />
                <line number="291" hits="12" branch="True" condition-coverage="50% (1/2)">
                  <conditions>
                    <condition number="54" type="jump" coverage="50%" />
                  </conditions>
                </line>
                <line number="292" hits="0" branch="False" />
                <line number="295" hits="12" branch="False" />
                <line number="297" hits="12" branch="False" />
                <line number="299" hits="12" branch="True" condition-coverage="50% (1/2)">
                  <conditions>
                    <condition number="86" type="jump" coverage="50%" />
                  </conditions>
                </line>
                <line number="301" hits="12" branch="False" />
              </lines>
            </method>
            <method name="CreateIPv6" signature="(StirlingLabs.Utilities.Utf8String,System.UInt16)" line-rate="0" branch-rate="0" complexity="2">
              <lines>
                <line number="307" hits="0" branch="False" />
                <line number="308" hits="0" branch="True" condition-coverage="0% (0/2)">
                  <conditions>
                    <condition number="15" type="jump" coverage="0%" />
                  </conditions>
                </line>
                <line number="309" hits="0" branch="False" />
              </lines>
            </method>
            <method name="CreateIPv6" signature="(System.String,System.UInt16)" line-rate="0" branch-rate="0" complexity="2">
              <lines>
                <line number="314" hits="0" branch="True" condition-coverage="0% (0/2)">
                  <conditions>
                    <condition number="1" type="jump" coverage="0%" />
                  </conditions>
                </line>
                <line number="315" hits="0" branch="False" />
              </lines>
            </method>
            <method name="CreateIPv6" signature="(StirlingLabs.Utilities.Utf8String,System.UInt16,System.UInt16)" line-rate="0" branch-rate="0" complexity="2">
              <lines>
                <line number="320" hits="0" branch="False" />
                <line number="321" hits="0" branch="True" condition-coverage="0% (0/2)">
                  <conditions>
                    <condition number="9" type="jump" coverage="0%" />
                  </conditions>
                </line>
                <line number="322" hits="0" branch="False" />
              </lines>
            </method>
            <method name="CreateIPv6" signature="(System.String,System.UInt16,System.UInt16)" line-rate="1" branch-rate="0.5" complexity="2">
              <lines>
                <line number="327" hits="9" branch="True" condition-coverage="50% (1/2)">
                  <conditions>
                    <condition number="1" type="jump" coverage="50%" />
                  </conditions>
                </line>
                <line number="328" hits="9" branch="False" />
              </lines>
            </method>
            <method name="CreateIPv6" signature="(StirlingLabs.Utilities.Utf8String,System.UInt16,StirlingLabs.Utilities.Utf8String)" line-rate="0" branch-rate="0" complexity="2">
              <lines>
                <line number="333" hits="0" branch="False" />
                <line number="334" hits="0" branch="True" condition-coverage="0% (0/2)">
                  <conditions>
                    <condition number="23" type="jump" coverage="0%" />
                  </conditions>
                </line>
                <line number="335" hits="0" branch="False" />
              </lines>
            </method>
            <method name="CreateIPv6" signature="(System.String,System.UInt16,StirlingLabs.Utilities.Utf8String)" line-rate="0" branch-rate="0" complexity="2">
              <lines>
                <line number="340" hits="0" branch="True" condition-coverage="0% (0/2)">
                  <conditions>
                    <condition number="1" type="jump" coverage="0%" />
                  </conditions>
                </line>
                <line number="341" hits="0" branch="False" />
              </lines>
            </method>
            <method name="CreateIPv6" signature="(System.Net.IPAddress,System.UInt16)" line-rate="0.7272" branch-rate="0.5" complexity="8">
              <lines>
                <line number="346" hits="18" branch="True" condition-coverage="50% (1/2)">
                  <conditions>
                    <condition number="1" type="jump" coverage="50%" />
                  </conditions>
                </line>
                <line number="347" hits="0" branch="False" />
                <line number="348" hits="18" branch="True" condition-coverage="50% (1/2)">
                  <conditions>
                    <condition number="22" type="jump" coverage="50%" />
                  </conditions>
                </line>
                <line number="349" hits="0" branch="False" />
                <line number="351" hits="18" branch="False" />
                <line number="356" hits="18" branch="True" condition-coverage="50% (1/2)">
                  <conditions>
                    <condition number="57" type="jump" coverage="50%" />
                  </conditions>
                </line>
                <line number="357" hits="0" branch="False" />
                <line number="360" hits="18" branch="False" />
                <line number="362" hits="18" branch="False" />
                <line number="364" hits="18" branch="True" condition-coverage="50% (1/2)">
                  <conditions>
                    <condition number="89" type="jump" coverage="50%" />
                  </conditions>
                </line>
                <line number="366" hits="18" branch="False" />
              </lines>
            </method>
            <method name="CreateIPv6" signature="(System.Net.IPAddress,System.UInt16,StirlingLabs.Utilities.Utf8String)" line-rate="0" branch-rate="0" complexity="2">
              <lines>
                <line number="372" hits="0" branch="False" />
                <line number="374" hits="0" branch="True" condition-coverage="0% (0/2)">
                  <conditions>
                    <condition number="23" type="jump" coverage="0%" />
                  </conditions>
                </line>
                <line number="376" hits="0" branch="False" />
              </lines>
            </method>
            <method name="CreateIPv6" signature="(System.Net.IPAddress,System.UInt16,System.UInt16)" line-rate="1" branch-rate="1" complexity="2">
              <lines>
                <line number="381" hits="18" branch="False" />
                <line number="383" hits="30" branch="True" condition-coverage="100% (2/2)">
                  <conditions>
                    <condition number="9" type="jump" coverage="100%" />
                  </conditions>
                </line>
                <line number="385" hits="18" branch="False" />
              </lines>
            </method>
            <method name="Equals" signature="(System.Object)" line-rate="0" branch-rate="1" complexity="1">
              <lines>
                <line number="390" hits="0" branch="False" />
              </lines>
            </method>
            <method name="op_Equality" signature="(StirlingLabs.sockaddr&amp;,StirlingLabs.sockaddr&amp;)" line-rate="1" branch-rate="1" complexity="1">
              <lines>
                <line number="394" hits="153" branch="False" />
              </lines>
            </method>
            <method name="op_Inequality" signature="(StirlingLabs.sockaddr&amp;,StirlingLabs.sockaddr&amp;)" line-rate="1" branch-rate="1" complexity="1">
              <lines>
                <line number="398" hits="51" branch="False" />
              </lines>
            </method>
            <method name="Equals" signature="(StirlingLabs.sockaddr&amp;)" line-rate="1" branch-rate="1" complexity="1">
              <lines>
                <line number="402" hits="51" branch="False" />
              </lines>
            </method>
            <method name="op_Equality" signature="(StirlingLabs.sockaddr&amp;,StirlingLabs.sockaddr*)" line-rate="1" branch-rate="1" complexity="1">
              <lines>
                <line number="406" hits="136" branch="False" />
              </lines>
            </method>
            <method name="op_Inequality" signature="(StirlingLabs.sockaddr&amp;,StirlingLabs.sockaddr*)" line-rate="1" branch-rate="1" complexity="1">
              <lines>
                <line number="410" hits="34" branch="False" />
              </lines>
            </method>
            <method name="Equals" signature="(StirlingLabs.sockaddr*)" line-rate="1" branch-rate="1" complexity="1">
              <lines>
                <line number="414" hits="68" branch="False" />
              </lines>
            </method>
            <method name="GetNameOfScope" signature="(System.UInt16)" line-rate="1" branch-rate="1" complexity="1">
              <lines>
                <line number="418" hits="12" branch="False" />
              </lines>
            </method>
            <method name="GetIndexOfScope" signature="(StirlingLabs.Utilities.Utf8String)" line-rate="0" branch-rate="1" complexity="1">
              <lines>
                <line number="422" hits="0" branch="False" />
              </lines>
            </method>
            <method name="ToString" signature="()" line-rate="1" branch-rate="1" complexity="1">
              <lines>
                <line number="426" hits="34" branch="False" />
              </lines>
            </method>
            <method name="GetHashCode" signature="()" line-rate="0" branch-rate="1" complexity="1">
              <lines>
                <line number="430" hits="0" branch="False" />
              </lines>
            </method>
            <method name="get_IsUnspec" signature="()" line-rate="1" branch-rate="1" complexity="1">
              <lines>
                <line number="435" hits="34" branch="False" />
              </lines>
            </method>
            <method name="get_IsIPv4" signature="()" line-rate="1" branch-rate="1" complexity="1">
              <lines>
                <line number="441" hits="34" branch="False" />
              </lines>
            </method>
            <method name="get_IsIPv6" signature="()" line-rate="1" branch-rate="1" complexity="1">
              <lines>
                <line number="447" hits="34" branch="False" />
              </lines>
            </method>
            <method name="get_AddressBytes" signature="()" line-rate="1" branch-rate="1" complexity="1">
              <lines>
                <line number="453" hits="25" branch="False" />
              </lines>
            </method>
            <method name="get_Port" signature="()" line-rate="0" branch-rate="1" complexity="1">
              <lines>
                <line number="459" hits="0" branch="False" />
              </lines>
            </method>
            <method name="set_Port" signature="(System.UInt16)" line-rate="0" branch-rate="1" complexity="1">
              <lines>
                <line number="461" hits="0" branch="False" />
              </lines>
            </method>
            <method name="get_ScopeName" signature="()" line-rate="0" branch-rate="1" complexity="1">
              <lines>
                <line number="467" hits="0" branch="False" />
              </lines>
            </method>
            <method name="set_ScopeName" signature="(StirlingLabs.Utilities.Utf8String)" line-rate="0" branch-rate="1" complexity="1">
              <lines>
                <line number="469" hits="0" branch="False" />
              </lines>
            </method>
            <method name="get_ScopeIndex" signature="()" line-rate="0" branch-rate="1" complexity="1">
              <lines>
                <line number="475" hits="0" branch="False" />
              </lines>
            </method>
            <method name="set_ScopeIndex" signature="(System.UInt16)" line-rate="0" branch-rate="1" complexity="1">
              <lines>
                <line number="477" hits="0" branch="False" />
              </lines>
            </method>
            <method name="get_IPAddress" signature="()" line-rate="0" branch-rate="1" complexity="1">
              <lines>
                <line number="482" hits="0" branch="False" />
              </lines>
            </method>
            <method name="set_IPAddress" signature="(System.Net.IPAddress)" line-rate="0" branch-rate="1" complexity="1">
              <lines>
                <line number="483" hits="0" branch="False" />
              </lines>
            </method>
            <method name="get_EndPoint" signature="()" line-rate="0" branch-rate="1" complexity="1">
              <lines>
                <line number="488" hits="0" branch="False" />
              </lines>
            </method>
            <method name="set_EndPoint" signature="(System.Net.IPEndPoint)" line-rate="0" branch-rate="1" complexity="1">
              <lines>
                <line number="489" hits="0" branch="False" />
              </lines>
            </method>
            <method name="op_Implicit" signature="(StirlingLabs.sockaddr&amp;)" line-rate="0" branch-rate="1" complexity="1">
              <lines>
                <line number="494" hits="0" branch="False" />
              </lines>
            </method>
            <method name="op_Implicit" signature="(StirlingLabs.sockaddr&amp;)" line-rate="0" branch-rate="1" complexity="1">
              <lines>
                <line number="498" hits="0" branch="False" />
              </lines>
            </method>
            <method name=".cctor" signature="()" line-rate="0" branch-rate="1" complexity="1">
              <lines>
                <line number="177" hits="0" branch="False" />
                <line number="178" hits="0" branch="False" />
                <line number="179" hits="0" branch="False" />
              </lines>
            </method>
          </methods>
          <lines>
            <line number="148" hits="116" branch="False" />
            <line number="149" hits="116" branch="False" />
            <line number="150" hits="116" branch="False" />
            <line number="183" hits="9" branch="True" condition-coverage="50% (1/2)">
              <conditions>
                <condition number="1" type="jump" coverage="50%" />
              </conditions>
            </line>
            <line number="186" hits="9" branch="True" condition-coverage="50% (3/6)">
              <conditions>
                <condition number="22" type="jump" coverage="50%" />
                <condition number="26" type="jump" coverage="50%" />
                <condition number="31" type="jump" coverage="50%" />
              </conditions>
            </line>
            <line number="189" hits="0" branch="False" />
            <line number="191" hits="0" branch="False" />
            <line number="192" hits="0" branch="False" />
            <line number="194" hits="9" branch="False" />
            <line number="195" hits="9" branch="False" />
            <line number="197" hits="0" branch="False" />
            <line number="198" hits="0" branch="False" />
            <line number="201" hits="9" branch="True" condition-coverage="50% (1/2)">
              <conditions>
                <condition number="67" type="jump" coverage="50%" />
              </conditions>
            </line>
            <line number="206" hits="9" branch="True" condition-coverage="50% (1/2)">
              <conditions>
                <condition number="95" type="jump" coverage="50%" />
              </conditions>
            </line>
            <line number="207" hits="0" branch="False" />
            <line number="210" hits="9" branch="False" />
            <line number="212" hits="9" branch="True" condition-coverage="50% (1/2)">
              <conditions>
                <condition number="123" type="jump" coverage="50%" />
              </conditions>
            </line>
            <line number="213" hits="9" branch="False" />
            <line number="214" hits="9" branch="False" />
            <line number="216" hits="9" branch="True" condition-coverage="50% (1/2)">
              <conditions>
                <condition number="146" type="jump" coverage="50%" />
              </conditions>
            </line>
            <line number="218" hits="9" branch="False" />
            <line number="224" hits="12" branch="False" />
            <line number="225" hits="12" branch="True" condition-coverage="50% (1/2)">
              <conditions>
                <condition number="9" type="jump" coverage="50%" />
              </conditions>
            </line>
            <line number="226" hits="12" branch="False" />
            <line number="231" hits="0" branch="False" />
            <line number="232" hits="0" branch="True" condition-coverage="0% (0/2)">
              <conditions>
                <condition number="15" type="jump" coverage="0%" />
              </conditions>
            </line>
            <line number="233" hits="0" branch="False" />
            <line number="238" hits="8" branch="True" condition-coverage="50% (1/2)">
              <conditions>
                <condition number="1" type="jump" coverage="50%" />
              </conditions>
            </line>
            <line number="239" hits="8" branch="False" />
            <line number="245" hits="0" branch="True" condition-coverage="0% (0/2)">
              <conditions>
                <condition number="1" type="jump" coverage="0%" />
              </conditions>
            </line>
            <line number="246" hits="0" branch="False" />
            <line number="247" hits="0" branch="False" />
            <line number="253" hits="0" branch="True" condition-coverage="0% (0/2)">
              <conditions>
                <condition number="1" type="jump" coverage="0%" />
              </conditions>
            </line>
            <line number="254" hits="0" branch="False" />
            <line number="259" hits="0" branch="True" condition-coverage="0% (0/2)">
              <conditions>
                <condition number="1" type="jump" coverage="0%" />
              </conditions>
            </line>
            <line number="260" hits="0" branch="False" />
            <line number="265" hits="9" branch="True" condition-coverage="50% (1/2)">
              <conditions>
                <condition number="1" type="jump" coverage="50%" />
              </conditions>
            </line>
            <line number="266" hits="9" branch="False" />
            <line number="267" hits="9" branch="False" />
            <line number="268" hits="9" branch="False" />
            <line number="273" hits="0" branch="True" condition-coverage="0% (0/2)">
              <conditions>
                <condition number="1" type="jump" coverage="0%" />
              </conditions>
            </line>
            <line number="274" hits="0" branch="False" />
            <line number="275" hits="0" branch="False" />
            <line number="276" hits="0" branch="False" />
            <line number="281" hits="12" branch="True" condition-coverage="50% (1/2)">
              <conditions>
                <condition number="1" type="jump" coverage="50%" />
              </conditions>
            </line>
            <line number="282" hits="0" branch="False" />
            <line number="283" hits="12" branch="True" condition-coverage="50% (1/2)">
              <conditions>
                <condition number="21" type="jump" coverage="50%" />
              </conditions>
            </line>
            <line number="284" hits="0" branch="False" />
            <line number="286" hits="12" branch="False" />
            <line number="291" hits="12" branch="True" condition-coverage="50% (1/2)">
              <conditions>
                <condition number="54" type="jump" coverage="50%" />
              </conditions>
            </line>
            <line number="292" hits="0" branch="False" />
            <line number="295" hits="12" branch="False" />
            <line number="297" hits="12" branch="False" />
            <line number="299" hits="12" branch="True" condition-coverage="50% (1/2)">
              <conditions>
                <condition number="86" type="jump" coverage="50%" />
              </conditions>
            </line>
            <line number="301" hits="12" branch="False" />
            <line number="307" hits="0" branch="False" />
            <line number="308" hits="0" branch="True" condition-coverage="0% (0/2)">
              <conditions>
                <condition number="15" type="jump" coverage="0%" />
              </conditions>
            </line>
            <line number="309" hits="0" branch="False" />
            <line number="314" hits="0" branch="True" condition-coverage="0% (0/2)">
              <conditions>
                <condition number="1" type="jump" coverage="0%" />
              </conditions>
            </line>
            <line number="315" hits="0" branch="False" />
            <line number="320" hits="0" branch="False" />
            <line number="321" hits="0" branch="True" condition-coverage="0% (0/2)">
              <conditions>
                <condition number="9" type="jump" coverage="0%" />
              </conditions>
            </line>
            <line number="322" hits="0" branch="False" />
            <line number="327" hits="9" branch="True" condition-coverage="50% (1/2)">
              <conditions>
                <condition number="1" type="jump" coverage="50%" />
              </conditions>
            </line>
            <line number="328" hits="9" branch="False" />
            <line number="333" hits="0" branch="False" />
            <line number="334" hits="0" branch="True" condition-coverage="0% (0/2)">
              <conditions>
                <condition number="23" type="jump" coverage="0%" />
              </conditions>
            </line>
            <line number="335" hits="0" branch="False" />
            <line number="340" hits="0" branch="True" condition-coverage="0% (0/2)">
              <conditions>
                <condition number="1" type="jump" coverage="0%" />
              </conditions>
            </line>
            <line number="341" hits="0" branch="False" />
            <line number="346" hits="18" branch="True" condition-coverage="50% (1/2)">
              <conditions>
                <condition number="1" type="jump" coverage="50%" />
              </conditions>
            </line>
            <line number="347" hits="0" branch="False" />
            <line number="348" hits="18" branch="True" condition-coverage="50% (1/2)">
              <conditions>
                <condition number="22" type="jump" coverage="50%" />
              </conditions>
            </line>
            <line number="349" hits="0" branch="False" />
            <line number="351" hits="18" branch="False" />
            <line number="356" hits="18" branch="True" condition-coverage="50% (1/2)">
              <conditions>
                <condition number="57" type="jump" coverage="50%" />
              </conditions>
            </line>
            <line number="357" hits="0" branch="False" />
            <line number="360" hits="18" branch="False" />
            <line number="362" hits="18" branch="False" />
            <line number="364" hits="18" branch="True" condition-coverage="50% (1/2)">
              <conditions>
                <condition number="89" type="jump" coverage="50%" />
              </conditions>
            </line>
            <line number="366" hits="18" branch="False" />
            <line number="372" hits="0" branch="False" />
            <line number="374" hits="0" branch="True" condition-coverage="0% (0/2)">
              <conditions>
                <condition number="23" type="jump" coverage="0%" />
              </conditions>
            </line>
            <line number="376" hits="0" branch="False" />
            <line number="381" hits="18" branch="False" />
            <line number="383" hits="30" branch="True" condition-coverage="100% (2/2)">
              <conditions>
                <condition number="9" type="jump" coverage="100%" />
              </conditions>
            </line>
            <line number="385" hits="18" branch="False" />
            <line number="390" hits="0" branch="False" />
            <line number="394" hits="153" branch="False" />
            <line number="398" hits="51" branch="False" />
            <line number="402" hits="51" branch="False" />
            <line number="406" hits="136" branch="False" />
            <line number="410" hits="34" branch="False" />
            <line number="414" hits="68" branch="False" />
            <line number="418" hits="12" branch="False" />
            <line number="422" hits="0" branch="False" />
            <line number="426" hits="34" branch="False" />
            <line number="430" hits="0" branch="False" />
            <line number="435" hits="34" branch="False" />
            <line number="441" hits="34" branch="False" />
            <line number="447" hits="34" branch="False" />
            <line number="453" hits="25" branch="False" />
            <line number="459" hits="0" branch="False" />
            <line number="461" hits="0" branch="False" />
            <line number="467" hits="0" branch="False" />
            <line number="469" hits="0" branch="False" />
            <line number="475" hits="0" branch="False" />
            <line number="477" hits="0" branch="False" />
            <line number="482" hits="0" branch="False" />
            <line number="483" hits="0" branch="False" />
            <line number="488" hits="0" branch="False" />
            <line number="489" hits="0" branch="False" />
            <line number="494" hits="0" branch="False" />
            <line number="498" hits="0" branch="False" />
            <line number="177" hits="0" branch="False" />
            <line number="178" hits="0" branch="False" />
            <line number="179" hits="0" branch="False" />
          </lines>
        </class>
        <class name="StirlingLabs.SockaddrAddressBytes" filename="/_/sockaddr.Net/SockaddrAddressBytes.cs" line-rate="0" branch-rate="0" complexity="29">
          <methods>
            <method name="get_Item" signature="(System.Int32)" line-rate="0" branch-rate="0" complexity="2">
              <lines>
                <line number="23" hits="0" branch="False" />
                <line number="24" hits="0" branch="True" condition-coverage="0% (0/2)">
                  <conditions>
                    <condition number="9" type="jump" coverage="0%" />
                  </conditions>
                </line>
                <line number="25" hits="0" branch="False" />
              </lines>
            </method>
            <method name="set_Item" signature="(System.Int32,System.Byte)" line-rate="0" branch-rate="0" complexity="2">
              <lines>
                <line number="29" hits="0" branch="True" condition-coverage="0% (0/2)">
                  <conditions>
                    <condition number="8" type="jump" coverage="0%" />
                  </conditions>
                </line>
                <line number="30" hits="0" branch="False" />
                <line number="31" hits="0" branch="False" />
              </lines>
            </method>
            <method name="GetByte" signature="(System.Int32)" line-rate="0" branch-rate="1" complexity="1">
              <lines>
                <line number="36" hits="0" branch="False" />
              </lines>
            </method>
            <method name="TrySetByte" signature="(System.Int32,System.Byte)" line-rate="0" branch-rate="1" complexity="1">
              <lines>
                <line number="40" hits="0" branch="False" />
              </lines>
            </method>
            <method name="get_Length" signature="()" line-rate="0" branch-rate="0" complexity="4">
              <lines>
                <line number="45" hits="0" branch="False" />
                <line number="46" hits="0" branch="True" condition-coverage="0% (0/4)">
                  <conditions>
                    <condition number="18" type="jump" coverage="0%" />
                    <condition number="26" type="jump" coverage="0%" />
                  </conditions>
                </line>
              </lines>
            </method>
            <method name="GetEnumerator" signature="()" line-rate="0" branch-rate="1" complexity="1">
              <lines>
                <line number="51" hits="0" branch="False" />
              </lines>
            </method>
            <method name="System.Collections.IEnumerable.GetEnumerator" signature="()" line-rate="0" branch-rate="1" complexity="1">
              <lines>
                <line number="54" hits="0" branch="False" />
              </lines>
            </method>
            <method name="Equals" signature="(System.Object)" line-rate="0" branch-rate="1" complexity="1">
              <lines>
                <line number="59" hits="0" branch="False" />
              </lines>
            </method>
            <method name="op_Equality" signature="(StirlingLabs.SockaddrAddressBytes&amp;,StirlingLabs.SockaddrAddressBytes&amp;)" line-rate="0" branch-rate="0" complexity="2">
              <lines>
                <line number="63" hits="0" branch="True" condition-coverage="0% (0/2)">
                  <conditions>
                    <condition number="17" type="jump" coverage="0%" />
                  </conditions>
                </line>
                <line number="64" hits="0" branch="False" />
              </lines>
            </method>
            <method name="op_Inequality" signature="(StirlingLabs.SockaddrAddressBytes&amp;,StirlingLabs.SockaddrAddressBytes&amp;)" line-rate="0" branch-rate="1" complexity="1">
              <lines>
                <line number="68" hits="0" branch="False" />
              </lines>
            </method>
            <method name="Equals" signature="(StirlingLabs.SockaddrAddressBytes&amp;)" line-rate="0" branch-rate="1" complexity="1">
              <lines>
                <line number="72" hits="0" branch="False" />
              </lines>
            </method>
            <method name="op_Equality" signature="(StirlingLabs.SockaddrAddressBytes&amp;,StirlingLabs.SockaddrAddressBytes*)" line-rate="0" branch-rate="1" complexity="1">
              <lines>
                <line number="76" hits="0" branch="False" />
              </lines>
            </method>
            <method name="op_Inequality" signature="(StirlingLabs.SockaddrAddressBytes&amp;,StirlingLabs.SockaddrAddressBytes*)" line-rate="0" branch-rate="1" complexity="1">
              <lines>
                <line number="80" hits="0" branch="False" />
              </lines>
            </method>
            <method name="Equals" signature="(StirlingLabs.SockaddrAddressBytes*)" line-rate="0" branch-rate="1" complexity="1">
              <lines>
                <line number="84" hits="0" branch="False" />
              </lines>
            </method>
            <method name="op_Implicit" signature="(StirlingLabs.SockaddrAddressBytes&amp;)" line-rate="0" branch-rate="1" complexity="1">
              <lines>
                <line number="87" hits="0" branch="False" />
              </lines>
            </method>
            <method name="op_Implicit" signature="(StirlingLabs.SockaddrAddressBytes&amp;)" line-rate="0" branch-rate="1" complexity="1">
              <lines>
                <line number="90" hits="0" branch="False" />
              </lines>
            </method>
            <method name="CompareTo" signature="(StirlingLabs.SockaddrAddressBytes)" line-rate="0" branch-rate="1" complexity="1">
              <lines>
                <line number="93" hits="0" branch="False" />
              </lines>
            </method>
            <method name="op_LessThan" signature="(StirlingLabs.SockaddrAddressBytes,StirlingLabs.SockaddrAddressBytes)" line-rate="0" branch-rate="1" complexity="1">
              <lines>
                <line number="96" hits="0" branch="False" />
              </lines>
            </method>
            <method name="op_GreaterThan" signature="(StirlingLabs.SockaddrAddressBytes,StirlingLabs.SockaddrAddressBytes)" line-rate="0" branch-rate="1" complexity="1">
              <lines>
                <line number="99" hits="0" branch="False" />
              </lines>
            </method>
            <method name="op_LessThanOrEqual" signature="(StirlingLabs.SockaddrAddressBytes,StirlingLabs.SockaddrAddressBytes)" line-rate="0" branch-rate="1" complexity="1">
              <lines>
                <line number="102" hits="0" branch="False" />
              </lines>
            </method>
            <method name="op_GreaterThanOrEqual" signature="(StirlingLabs.SockaddrAddressBytes,StirlingLabs.SockaddrAddressBytes)" line-rate="0" branch-rate="1" complexity="1">
              <lines>
                <line number="105" hits="0" branch="False" />
              </lines>
            </method>
            <method name="ToSpan" signature="()" line-rate="0" branch-rate="1" complexity="1">
              <lines>
                <line number="107" hits="0" branch="False" />
              </lines>
            </method>
            <method name="ToReadOnlySpan" signature="()" line-rate="0" branch-rate="1" complexity="1">
              <lines>
                <line number="109" hits="0" branch="False" />
              </lines>
            </method>
          </methods>
          <lines>
            <line number="23" hits="0" branch="False" />
            <line number="24" hits="0" branch="True" condition-coverage="0% (0/2)">
              <conditions>
                <condition number="9" type="jump" coverage="0%" />
              </conditions>
            </line>
            <line number="25" hits="0" branch="False" />
            <line number="29" hits="0" branch="True" condition-coverage="0% (0/2)">
              <conditions>
                <condition number="8" type="jump" coverage="0%" />
              </conditions>
            </line>
            <line number="30" hits="0" branch="False" />
            <line number="31" hits="0" branch="False" />
            <line number="36" hits="0" branch="False" />
            <line number="40" hits="0" branch="False" />
            <line number="45" hits="0" branch="False" />
            <line number="46" hits="0" branch="True" condition-coverage="0% (0/4)">
              <conditions>
                <condition number="18" type="jump" coverage="0%" />
                <condition number="26" type="jump" coverage="0%" />
              </conditions>
            </line>
            <line number="51" hits="0" branch="False" />
            <line number="54" hits="0" branch="False" />
            <line number="59" hits="0" branch="False" />
            <line number="63" hits="0" branch="True" condition-coverage="0% (0/2)">
              <conditions>
                <condition number="17" type="jump" coverage="0%" />
              </conditions>
            </line>
            <line number="64" hits="0" branch="False" />
            <line number="68" hits="0" branch="False" />
            <line number="72" hits="0" branch="False" />
            <line number="76" hits="0" branch="False" />
            <line number="80" hits="0" branch="False" />
            <line number="84" hits="0" branch="False" />
            <line number="87" hits="0" branch="False" />
            <line number="90" hits="0" branch="False" />
            <line number="93" hits="0" branch="False" />
            <line number="96" hits="0" branch="False" />
            <line number="99" hits="0" branch="False" />
            <line number="102" hits="0" branch="False" />
            <line number="105" hits="0" branch="False" />
            <line number="107" hits="0" branch="False" />
            <line number="109" hits="0" branch="False" />
          </lines>
        </class>
        <class name="StirlingLabs.SockaddrAddressBytesEnumerator" filename="/_/sockaddr.Net/SockaddrAddressBytesEnumerator.cs" line-rate="0" branch-rate="0" complexity="10">
          <methods>
            <method name="GetEnumerator" signature="()" line-rate="0" branch-rate="1" complexity="1">
              <lines>
                <line number="24" hits="0" branch="False" />
              </lines>
            </method>
            <method name="System.Collections.IEnumerable.GetEnumerator" signature="()" line-rate="0" branch-rate="1" complexity="1">
              <lines>
                <line number="27" hits="0" branch="False" />
              </lines>
            </method>
            <method name="MoveNext" signature="()" line-rate="0" branch-rate="0" complexity="2">
              <lines>
                <line number="31" hits="0" branch="True" condition-coverage="0% (0/2)">
                  <conditions>
                    <condition number="14" type="jump" coverage="0%" />
                  </conditions>
                </line>
                <line number="32" hits="0" branch="False" />
                <line number="33" hits="0" branch="False" />
                <line number="34" hits="0" branch="False" />
              </lines>
            </method>
            <method name="Reset" signature="()" line-rate="0" branch-rate="1" complexity="1">
              <lines>
                <line number="38" hits="0" branch="False" />
              </lines>
            </method>
            <method name="get_Current" signature="()" line-rate="0" branch-rate="1" complexity="1">
              <lines>
                <line number="40" hits="0" branch="False" />
              </lines>
            </method>
            <method name="System.Collections.IEnumerator.get_Current" signature="()" line-rate="0" branch-rate="1" complexity="1">
              <lines>
                <line number="42" hits="0" branch="False" />
              </lines>
            </method>
            <method name="Dispose" signature="()" line-rate="0" branch-rate="1" complexity="1">
              <lines>
                <line number="44" hits="0" branch="False" />
              </lines>
            </method>
            <method name=".ctor" signature="(StirlingLabs.SockaddrAddressBytes*)" line-rate="0" branch-rate="1" complexity="1">
              <lines>
                <line number="13" hits="0" branch="False" />
                <line number="15" hits="0" branch="False" />
                <line number="16" hits="0" branch="False" />
                <line number="17" hits="0" branch="False" />
                <line number="18" hits="0" branch="False" />
              </lines>
            </method>
            <method name=".ctor" signature="(StirlingLabs.sockaddr*)" line-rate="0" branch-rate="1" complexity="1">
              <lines>
                <line number="20" hits="0" branch="False" />
              </lines>
            </method>
          </methods>
          <lines>
            <line number="24" hits="0" branch="False" />
            <line number="27" hits="0" branch="False" />
            <line number="31" hits="0" branch="True" condition-coverage="0% (0/2)">
              <conditions>
                <condition number="14" type="jump" coverage="0%" />
              </conditions>
            </line>
            <line number="32" hits="0" branch="False" />
            <line number="33" hits="0" branch="False" />
            <line number="34" hits="0" branch="False" />
            <line number="38" hits="0" branch="False" />
            <line number="40" hits="0" branch="False" />
            <line number="42" hits="0" branch="False" />
            <line number="44" hits="0" branch="False" />
            <line number="13" hits="0" branch="False" />
            <line number="15" hits="0" branch="False" />
            <line number="16" hits="0" branch="False" />
            <line number="17" hits="0" branch="False" />
            <line number="18" hits="0" branch="False" />
            <line number="20" hits="0" branch="False" />
          </lines>
        </class>
        <class name="StirlingLabs.SockaddrExtensions" filename="/_/sockaddr.Net/SockaddrExtensions.cs" line-rate="0.5051" branch-rate="0.2857" complexity="71">
          <methods>
            <method name="Free" signature="(StirlingLabs.sockaddr&amp;)" line-rate="0" branch-rate="0" complexity="2">
              <lines>
                <line number="20" hits="0" branch="False" />
                <line number="21" hits="0" branch="True" condition-coverage="0% (0/2)">
                  <conditions>
                    <condition number="15" type="jump" coverage="0%" />
                  </conditions>
                </line>
                <line number="22" hits="0" branch="False" />
                <line number="23" hits="0" branch="False" />
                <line number="24" hits="0" branch="False" />
              </lines>
            </method>
            <method name="AsPointer" signature="(StirlingLabs.sockaddr&amp;)" line-rate="1" branch-rate="1" complexity="1">
              <lines>
                <line number="29" hits="972" branch="False" />
              </lines>
            </method>
            <method name="AsRef" signature="(StirlingLabs.sockaddr&amp;)" line-rate="1" branch-rate="1" complexity="1">
              <lines>
                <line number="32" hits="51" branch="False" />
              </lines>
            </method>
            <method name="IsUnspec" signature="(StirlingLabs.sockaddr&amp;)" line-rate="1" branch-rate="1" complexity="1">
              <lines>
                <line number="36" hits="168" branch="False" />
              </lines>
            </method>
            <method name="IsIPv4" signature="(StirlingLabs.sockaddr&amp;)" line-rate="1" branch-rate="1" complexity="1">
              <lines>
                <line number="40" hits="94" branch="False" />
              </lines>
            </method>
            <method name="IsIPv6" signature="(StirlingLabs.sockaddr&amp;)" line-rate="1" branch-rate="1" complexity="1">
              <lines>
                <line number="44" hits="134" branch="False" />
              </lines>
            </method>
            <method name="SetPort" signature="(StirlingLabs.sockaddr&amp;,System.UInt16)" line-rate="0" branch-rate="0" complexity="2">
              <lines>
                <line number="49" hits="0" branch="True" condition-coverage="0% (0/2)">
                  <conditions>
                    <condition number="12" type="jump" coverage="0%" />
                  </conditions>
                </line>
                <line number="50" hits="0" branch="False" />
                <line number="51" hits="0" branch="False" />
              </lines>
            </method>
            <method name="GetPort" signature="(StirlingLabs.sockaddr&amp;)" line-rate="1" branch-rate="1" complexity="1">
              <lines>
                <line number="56" hits="94" branch="False" />
                <line number="57" hits="94" branch="False" />
              </lines>
            </method>
            <method name="SetScope" signature="(StirlingLabs.sockaddr&amp;,System.UInt16)" line-rate="0.75" branch-rate="0.5" complexity="2">
              <lines>
                <line number="63" hits="21" branch="False" />
                <line number="64" hits="21" branch="True" condition-coverage="50% (1/2)">
                  <conditions>
                    <condition number="12" type="jump" coverage="50%" />
                  </conditions>
                </line>
                <line number="65" hits="0" branch="False" />
                <line number="66" hits="21" branch="False" />
              </lines>
            </method>
            <method name="GetScope" signature="(StirlingLabs.sockaddr&amp;)" line-rate="1" branch-rate="1" complexity="1">
              <lines>
                <line number="71" hits="60" branch="False" />
                <line number="72" hits="60" branch="False" />
                <line number="73" hits="60" branch="False" />
              </lines>
            </method>
            <method name="GetScopeNoThrow" signature="(StirlingLabs.sockaddr&amp;)" line-rate="1" branch-rate="1" complexity="1">
              <lines>
                <line number="78" hits="60" branch="False" />
              </lines>
            </method>
            <method name="TrySetScopeIndex" signature="(StirlingLabs.sockaddr&amp;,System.UInt16)" line-rate="1" branch-rate="1" complexity="1">
              <lines>
                <line number="82" hits="21" branch="False" />
              </lines>
            </method>
            <method name="GetAddressBytes" signature="(StirlingLabs.sockaddr&amp;)" line-rate="0" branch-rate="1" complexity="1">
              <lines>
                <line number="86" hits="0" branch="False" />
              </lines>
            </method>
            <method name="GetAddressByteSpan" signature="(StirlingLabs.sockaddr&amp;)" line-rate="1" branch-rate="1" complexity="1">
              <lines>
                <line number="90" hits="116" branch="False" />
              </lines>
            </method>
            <method name="SetScopeByName" signature="(StirlingLabs.sockaddr&amp;,StirlingLabs.Utilities.Utf8String)" line-rate="0" branch-rate="0" complexity="2">
              <lines>
                <line number="95" hits="0" branch="True" condition-coverage="0% (0/2)">
                  <conditions>
                    <condition number="17" type="jump" coverage="0%" />
                  </conditions>
                </line>
                <line number="96" hits="0" branch="False" />
                <line number="97" hits="0" branch="False" />
              </lines>
            </method>
            <method name="GetScopeName" signature="(StirlingLabs.sockaddr&amp;)" line-rate="1" branch-rate="1" complexity="1">
              <lines>
                <line number="101" hits="18" branch="False" />
              </lines>
            </method>
            <method name="GetHashCode" signature="(StirlingLabs.sockaddr&amp;)" line-rate="0" branch-rate="1" complexity="1">
              <lines>
                <line number="105" hits="0" branch="False" />
              </lines>
            </method>
            <method name="ToString" signature="(StirlingLabs.sockaddr&amp;)" line-rate="0.8332999999999999" branch-rate="0.75" complexity="12">
              <lines>
                <line number="128" hits="34" branch="False" />
                <line number="129" hits="34" branch="True" condition-coverage="50% (1/2)">
                  <conditions>
                    <condition number="10" type="jump" coverage="50%" />
                  </conditions>
                </line>
                <line number="131" hits="34" branch="True" condition-coverage="100% (2/2)">
                  <conditions>
                    <condition number="20" type="jump" coverage="100%" />
                  </conditions>
                </line>
                <line number="132" hits="8" branch="False" />
                <line number="134" hits="26" branch="True" condition-coverage="100% (2/2)">
                  <conditions>
                    <condition number="70" type="jump" coverage="100%" />
                  </conditions>
                </line>
                <line number="135" hits="8" branch="False" />
                <line number="139" hits="18" branch="False" />
                <line number="141" hits="18" branch="True" condition-coverage="100% (2/2)">
                  <conditions>
                    <condition number="107" type="jump" coverage="100%" />
                  </conditions>
                </line>
                <line number="142" hits="6" branch="False" />
                <line number="144" hits="12" branch="False" />
                <line number="145" hits="12" branch="True" condition-coverage="50% (1/2)">
                  <conditions>
                    <condition number="144" type="jump" coverage="50%" />
                  </conditions>
                </line>
                <line number="146" hits="0" branch="False" />
                <line number="148" hits="12" branch="False" />
                <line number="149" hits="12" branch="True" condition-coverage="50% (1/2)">
                  <conditions>
                    <condition number="163" type="jump" coverage="50%" />
                  </conditions>
                </line>
                <line number="151" hits="0" branch="False" />
                <line number="152" hits="0" branch="False" />
                <line number="155" hits="12" branch="False" />
                <line number="156" hits="12" branch="False" />
              </lines>
            </method>
            <method name="GetAddressString" signature="(StirlingLabs.sockaddr&amp;)" line-rate="1" branch-rate="0.5" complexity="2">
              <lines>
                <line number="162" hits="46" branch="False" />
                <line number="164" hits="46" branch="True" condition-coverage="50% (1/2)">
                  <conditions>
                    <condition number="10" type="jump" coverage="50%" />
                  </conditions>
                </line>
                <line number="165" hits="46" branch="False" />
                <line number="166" hits="46" branch="False" />
              </lines>
            </method>
            <method name="GetIPAddress" signature="(StirlingLabs.sockaddr&amp;)" line-rate="0.8571" branch-rate="0.75" complexity="4">
              <lines>
                <line number="172" hits="66" branch="False" />
                <line number="174" hits="66" branch="True" condition-coverage="50% (1/2)">
                  <conditions>
                    <condition number="13" type="jump" coverage="50%" />
                  </conditions>
                </line>
                <line number="175" hits="0" branch="False" />
                <line number="177" hits="66" branch="False" />
                <line number="185" hits="66" branch="True" condition-coverage="100% (2/2)">
                  <conditions>
                    <condition number="34" type="jump" coverage="100%" />
                  </conditions>
                </line>
                <line number="186" hits="42" branch="False" />
                <line number="188" hits="24" branch="False" />
              </lines>
            </method>
            <method name="SetIPAddress" signature="(StirlingLabs.sockaddr&amp;,System.Net.IPAddress)" line-rate="0" branch-rate="0" complexity="24">
              <lines>
                <line number="194" hits="0" branch="True" condition-coverage="0% (0/2)">
                  <conditions>
                    <condition number="1" type="jump" coverage="0%" />
                  </conditions>
                </line>
                <line number="195" hits="0" branch="False" />
                <line number="197" hits="0" branch="False" />
                <line number="199" hits="0" branch="False" />
                <line number="201" hits="0" branch="True" condition-coverage="0% (0/6)">
                  <conditions>
                    <condition number="36" type="jump" coverage="0%" />
                    <condition number="40" type="jump" coverage="0%" />
                    <condition number="45" type="jump" coverage="0%" />
                  </conditions>
                </line>
                <line number="204" hits="0" branch="True" condition-coverage="0% (0/4)">
                  <conditions>
                    <condition number="60" type="jump" coverage="0%" />
                    <condition number="68" type="jump" coverage="0%" />
                  </conditions>
                </line>
                <line number="205" hits="0" branch="False" />
                <line number="209" hits="0" branch="True" condition-coverage="0% (0/2)">
                  <conditions>
                    <condition number="90" type="jump" coverage="0%" />
                  </conditions>
                </line>
                <line number="210" hits="0" branch="False" />
                <line number="215" hits="0" branch="True" condition-coverage="0% (0/4)">
                  <conditions>
                    <condition number="112" type="jump" coverage="0%" />
                    <condition number="120" type="jump" coverage="0%" />
                  </conditions>
                </line>
                <line number="216" hits="0" branch="False" />
                <line number="220" hits="0" branch="True" condition-coverage="0% (0/2)">
                  <conditions>
                    <condition number="142" type="jump" coverage="0%" />
                  </conditions>
                </line>
                <line number="221" hits="0" branch="False" />
                <line number="226" hits="0" branch="True" condition-coverage="0% (0/4)">
                  <conditions>
                    <condition number="162" type="jump" coverage="0%" />
                    <condition number="170" type="jump" coverage="0%" />
                  </conditions>
                </line>
                <line number="227" hits="0" branch="False" />
                <line number="232" hits="0" branch="False" />
                <line number="235" hits="0" branch="False" />
              </lines>
            </method>
            <method name="ToEndPoint" signature="(StirlingLabs.sockaddr&amp;)" line-rate="1" branch-rate="1" complexity="1">
              <lines>
                <line number="239" hits="40" branch="False" />
                <line number="241" hits="40" branch="False" />
              </lines>
            </method>
            <method name="CopyFromEndPoint" signature="(StirlingLabs.sockaddr&amp;,System.Net.IPEndPoint)" line-rate="0" branch-rate="0" complexity="2">
              <lines>
                <line number="246" hits="0" branch="True" condition-coverage="0% (0/2)">
                  <conditions>
                    <condition number="1" type="jump" coverage="0%" />
                  </conditions>
                </line>
                <line number="247" hits="0" branch="False" />
                <line number="249" hits="0" branch="False" />
                <line number="251" hits="0" branch="False" />
                <line number="253" hits="0" branch="False" />
                <line number="254" hits="0" branch="False" />
              </lines>
            </method>
            <method name="&lt;ToString&gt;g__CleanUp|18_0" signature="(System.String,StirlingLabs.Utilities.Utf8String,StirlingLabs.Utilities.Utf8String)" line-rate="0.3636" branch-rate="0.5" complexity="4">
              <lines>
                <line number="114" hits="12" branch="True" condition-coverage="50% (1/2)">
                  <conditions>
                    <condition number="31" type="jump" coverage="50%" />
                  </conditions>
                </line>
                <line number="115" hits="0" branch="False" />
                <line number="117" hits="12" branch="True" condition-coverage="50% (1/2)">
                  <conditions>
                    <condition number="45" type="jump" coverage="50%" />
                  </conditions>
                </line>
                <line number="118" hits="12" branch="False" />
                <line number="119" hits="0" branch="False" />
                <line number="120" hits="0" branch="False" />
                <line number="121" hits="12" branch="False" />
                <line number="123" hits="0" branch="False" />
                <line number="124" hits="0" branch="False" />
                <line number="125" hits="0" branch="False" />
                <line number="126" hits="0" branch="False" />
              </lines>
            </method>
            <method name=".cctor" signature="()" line-rate="1" branch-rate="1" complexity="1">
              <lines>
                <line number="107" hits="1" branch="False" />
              </lines>
            </method>
          </methods>
          <lines>
            <line number="20" hits="0" branch="False" />
            <line number="21" hits="0" branch="True" condition-coverage="0% (0/2)">
              <conditions>
                <condition number="15" type="jump" coverage="0%" />
              </conditions>
            </line>
            <line number="22" hits="0" branch="False" />
            <line number="23" hits="0" branch="False" />
            <line number="24" hits="0" branch="False" />
            <line number="29" hits="972" branch="False" />
            <line number="32" hits="51" branch="False" />
            <line number="36" hits="168" branch="False" />
            <line number="40" hits="94" branch="False" />
            <line number="44" hits="134" branch="False" />
            <line number="49" hits="0" branch="True" condition-coverage="0% (0/2)">
              <conditions>
                <condition number="12" type="jump" coverage="0%" />
              </conditions>
            </line>
            <line number="50" hits="0" branch="False" />
            <line number="51" hits="0" branch="False" />
            <line number="56" hits="94" branch="False" />
            <line number="57" hits="94" branch="False" />
            <line number="63" hits="21" branch="False" />
            <line number="64" hits="21" branch="True" condition-coverage="50% (1/2)">
              <conditions>
                <condition number="12" type="jump" coverage="50%" />
              </conditions>
            </line>
            <line number="65" hits="0" branch="False" />
            <line number="66" hits="21" branch="False" />
            <line number="71" hits="60" branch="False" />
            <line number="72" hits="60" branch="False" />
            <line number="73" hits="60" branch="False" />
            <line number="78" hits="60" branch="False" />
            <line number="82" hits="21" branch="False" />
            <line number="86" hits="0" branch="False" />
            <line number="90" hits="116" branch="False" />
            <line number="95" hits="0" branch="True" condition-coverage="0% (0/2)">
              <conditions>
                <condition number="17" type="jump" coverage="0%" />
              </conditions>
            </line>
            <line number="96" hits="0" branch="False" />
            <line number="97" hits="0" branch="False" />
            <line number="101" hits="18" branch="False" />
            <line number="105" hits="0" branch="False" />
            <line number="128" hits="34" branch="False" />
            <line number="129" hits="34" branch="True" condition-coverage="50% (1/2)">
              <conditions>
                <condition number="10" type="jump" coverage="50%" />
              </conditions>
            </line>
            <line number="131" hits="34" branch="True" condition-coverage="100% (2/2)">
              <conditions>
                <condition number="20" type="jump" coverage="100%" />
              </conditions>
            </line>
            <line number="132" hits="8" branch="False" />
            <line number="134" hits="26" branch="True" condition-coverage="100% (2/2)">
              <conditions>
                <condition number="70" type="jump" coverage="100%" />
              </conditions>
            </line>
            <line number="135" hits="8" branch="False" />
            <line number="139" hits="18" branch="False" />
            <line number="141" hits="18" branch="True" condition-coverage="100% (2/2)">
              <conditions>
                <condition number="107" type="jump" coverage="100%" />
              </conditions>
            </line>
            <line number="142" hits="6" branch="False" />
            <line number="144" hits="12" branch="False" />
            <line number="145" hits="12" branch="True" condition-coverage="50% (1/2)">
              <conditions>
                <condition number="144" type="jump" coverage="50%" />
              </conditions>
            </line>
            <line number="146" hits="0" branch="False" />
            <line number="148" hits="12" branch="False" />
            <line number="149" hits="12" branch="True" condition-coverage="50% (1/2)">
              <conditions>
                <condition number="163" type="jump" coverage="50%" />
              </conditions>
            </line>
            <line number="151" hits="0" branch="False" />
            <line number="152" hits="0" branch="False" />
            <line number="155" hits="12" branch="False" />
            <line number="156" hits="12" branch="False" />
            <line number="162" hits="46" branch="False" />
            <line number="164" hits="46" branch="True" condition-coverage="50% (1/2)">
              <conditions>
                <condition number="10" type="jump" coverage="50%" />
              </conditions>
            </line>
            <line number="165" hits="46" branch="False" />
            <line number="166" hits="46" branch="False" />
            <line number="172" hits="66" branch="False" />
            <line number="174" hits="66" branch="True" condition-coverage="50% (1/2)">
              <conditions>
                <condition number="13" type="jump" coverage="50%" />
              </conditions>
            </line>
            <line number="175" hits="0" branch="False" />
            <line number="177" hits="66" branch="False" />
            <line number="185" hits="66" branch="True" condition-coverage="100% (2/2)">
              <conditions>
                <condition number="34" type="jump" coverage="100%" />
              </conditions>
            </line>
            <line number="186" hits="42" branch="False" />
            <line number="188" hits="24" branch="False" />
            <line number="194" hits="0" branch="True" condition-coverage="0% (0/2)">
              <conditions>
                <condition number="1" type="jump" coverage="0%" />
              </conditions>
            </line>
            <line number="195" hits="0" branch="False" />
            <line number="197" hits="0" branch="False" />
            <line number="199" hits="0" branch="False" />
            <line number="201" hits="0" branch="True" condition-coverage="0% (0/6)">
              <conditions>
                <condition number="36" type="jump" coverage="0%" />
                <condition number="40" type="jump" coverage="0%" />
                <condition number="45" type="jump" coverage="0%" />
              </conditions>
            </line>
            <line number="204" hits="0" branch="True" condition-coverage="0% (0/4)">
              <conditions>
                <condition number="60" type="jump" coverage="0%" />
                <condition number="68" type="jump" coverage="0%" />
              </conditions>
            </line>
            <line number="205" hits="0" branch="False" />
            <line number="209" hits="0" branch="True" condition-coverage="0% (0/2)">
              <conditions>
                <condition number="90" type="jump" coverage="0%" />
              </conditions>
            </line>
            <line number="210" hits="0" branch="False" />
            <line number="215" hits="0" branch="True" condition-coverage="0% (0/4)">
              <conditions>
                <condition number="112" type="jump" coverage="0%" />
                <condition number="120" type="jump" coverage="0%" />
              </conditions>
            </line>
            <line number="216" hits="0" branch="False" />
            <line number="220" hits="0" branch="True" condition-coverage="0% (0/2)">
              <conditions>
                <condition number="142" type="jump" coverage="0%" />
              </conditions>
            </line>
            <line number="221" hits="0" branch="False" />
            <line number="226" hits="0" branch="True" condition-coverage="0% (0/4)">
              <conditions>
                <condition number="162" type="jump" coverage="0%" />
                <condition number="170" type="jump" coverage="0%" />
              </conditions>
            </line>
            <line number="227" hits="0" branch="False" />
            <line number="232" hits="0" branch="False" />
            <line number="235" hits="0" branch="False" />
            <line number="239" hits="40" branch="False" />
            <line number="241" hits="40" branch="False" />
            <line number="246" hits="0" branch="True" condition-coverage="0% (0/2)">
              <conditions>
                <condition number="1" type="jump" coverage="0%" />
              </conditions>
            </line>
            <line number="247" hits="0" branch="False" />
            <line number="249" hits="0" branch="False" />
            <line number="251" hits="0" branch="False" />
            <line number="253" hits="0" branch="False" />
            <line number="254" hits="0" branch="False" />
            <line number="114" hits="12" branch="True" condition-coverage="50% (1/2)">
              <conditions>
                <condition number="31" type="jump" coverage="50%" />
              </conditions>
            </line>
            <line number="115" hits="0" branch="False" />
            <line number="117" hits="12" branch="True" condition-coverage="50% (1/2)">
              <conditions>
                <condition number="45" type="jump" coverage="50%" />
              </conditions>
            </line>
            <line number="118" hits="12" branch="False" />
            <line number="119" hits="0" branch="False" />
            <line number="120" hits="0" branch="False" />
            <line number="121" hits="12" branch="False" />
            <line number="123" hits="0" branch="False" />
            <line number="124" hits="0" branch="False" />
            <line number="125" hits="0" branch="False" />
            <line number="126" hits="0" branch="False" />
            <line number="107" hits="1" branch="False" />
          </lines>
        </class>
      </classes>
    </package>
  </packages>
</coverage>